<?xml version="1.0" encoding="UTF-8"?>
<testsuite name="ofek.io.FileEncryptorTest" tests="2" skipped="0" failures="0" errors="0" timestamp="2015-10-27T08:32:09" hostname="lior-virtual-machine" time="0.007">
  <properties/>
  <testcase name="encryptionThroughFileEncryptorUsesSpecifiedAlgorithm" classname="ofek.io.FileEncryptorTest" time="0.002"/>
  <testcase name="encryptionAndDecryptionAreReversible" classname="ofek.io.FileEncryptorTest" time="0.002"/>
  <system-out><![CDATA[]]></system-out>
  <system-err><![CDATA[]]></system-err>
</testsuite>
