<?xml version="1.0" encoding="UTF-8"?>
<testsuite name="ofek.io.FileInteractorTester" tests="3" skipped="0" failures="0" errors="0" timestamp="2015-10-27T08:32:09" hostname="lior-virtual-machine" time="0.026">
  <properties/>
  <testcase name="canWriteSomething" classname="ofek.io.FileInteractorTester" time="0.011"/>
  <testcase name="writtenFileCanBeRead" classname="ofek.io.FileInteractorTester" time="0.007"/>
  <testcase name="canReadPreexistingFile" classname="ofek.io.FileInteractorTester" time="0.002"/>
  <system-out><![CDATA[]]></system-out>
  <system-err><![CDATA[]]></system-err>
</testsuite>
