<?xml version="1.0" encoding="UTF-8"?>
<testsuite name="ofek.crypto.ShiftMultiplyEncryptionTest" tests="6" skipped="0" failures="0" errors="0" timestamp="2015-10-27T08:32:10" hostname="lior-virtual-machine" time="0.027">
  <properties/>
  <testcase name="negativeKeyIsValid" classname="ofek.crypto.ShiftMultiplyEncryptionTest" time="0.005"/>
  <testcase name="decryptionReversesEncryption" classname="ofek.crypto.ShiftMultiplyEncryptionTest" time="0.001"/>
  <testcase name="encryptionIsPossibleForLargeKey" classname="ofek.crypto.ShiftMultiplyEncryptionTest" time="0.0"/>
  <testcase name="unmatchingKeyDoesNotDecrypt" classname="ofek.crypto.ShiftMultiplyEncryptionTest" time="0.001"/>
  <testcase name="nonUnitEncryptionIsDifferentFromOrigin" classname="ofek.crypto.ShiftMultiplyEncryptionTest" time="0.001"/>
  <testcase name="unitEncryptionIsMeaningless" classname="ofek.crypto.ShiftMultiplyEncryptionTest" time="0.001"/>
  <system-out><![CDATA[]]></system-out>
  <system-err><![CDATA[]]></system-err>
</testsuite>
