<?xml version="1.0" encoding="UTF-8"?>
<testsuite name="ofek.FilePathParserTester" tests="6" skipped="0" failures="0" errors="0" timestamp="2015-11-02T11:24:15" hostname="lior-virtual-machine" time="0.02">
  <properties/>
  <testcase name="canTellPathFromFile" classname="ofek.FilePathParserTester" time="0.006"/>
  <testcase name="canGiveEncryptedSuffixToFilePath" classname="ofek.FilePathParserTester" time="0.0"/>
  <testcase name="canTellFileExtentionFromTheRest" classname="ofek.FilePathParserTester" time="0.0"/>
  <testcase name="canTellFileNameFromEncryptionSuffix" classname="ofek.FilePathParserTester" time="0.001"/>
  <testcase name="canTellFileNameFromExtention" classname="ofek.FilePathParserTester" time="0.0"/>
  <testcase name="canGiveDecryptedSuffixToFilePath" classname="ofek.FilePathParserTester" time="0.001"/>
  <system-out><![CDATA[]]></system-out>
  <system-err><![CDATA[]]></system-err>
</testsuite>
