<?xml version="1.0" encoding="UTF-8"?>
<testsuite name="mil.idf.af.ofek.crypto.RepeatEncryptionTest" tests="3" skipped="0" failures="0" errors="0" timestamp="2015-11-02T12:15:01" hostname="lior-virtual-machine" time="0.005">
  <properties/>
  <testcase name="RepeatEncryptionCanRepeatAnyNumberOfTimes" classname="mil.idf.af.ofek.crypto.RepeatEncryptionTest" time="0.001"/>
  <testcase name="repeatEncryptionHasSameKeyStrengthAsInnerAlgorithm" classname="mil.idf.af.ofek.crypto.RepeatEncryptionTest" time="0.001"/>
  <testcase name="RepeatDecryptionCanRepeatAnyNumberOfTimes" classname="mil.idf.af.ofek.crypto.RepeatEncryptionTest" time="0.001"/>
  <system-out><![CDATA[]]></system-out>
  <system-err><![CDATA[]]></system-err>
</testsuite>
