<?xml version="1.0" encoding="UTF-8"?>
<testsuite name="mil.idf.af.ofek.crypto.EncryptionAlgorithmComparatorTest" tests="4" skipped="0" failures="0" errors="0" timestamp="2015-11-02T12:15:01" hostname="lior-virtual-machine" time="0.007">
  <properties/>
  <testcase name="differentButSameStrengthAlgorithmsShouldEqualEachOther" classname="mil.idf.af.ofek.crypto.EncryptionAlgorithmComparatorTest" time="0.001"/>
  <testcase name="anyEncryptionAlgorithmShouldEqualItself" classname="mil.idf.af.ofek.crypto.EncryptionAlgorithmComparatorTest" time="0.001"/>
  <testcase name="ifFirstAlgorithmIsWeakerResultIsNegative" classname="mil.idf.af.ofek.crypto.EncryptionAlgorithmComparatorTest" time="0.001"/>
  <testcase name="ifFirstAlgorithmIsStrongerResultIsPositive" classname="mil.idf.af.ofek.crypto.EncryptionAlgorithmComparatorTest" time="0.0"/>
  <system-out><![CDATA[]]></system-out>
  <system-err><![CDATA[]]></system-err>
</testsuite>
