<?xml version="1.0" encoding="UTF-8"?>
<testsuite name="ofek.FilePathParserTester" tests="6" skipped="0" failures="0" errors="0" timestamp="2015-10-27T08:32:09" hostname="lior-virtual-machine" time="0.026">
  <properties/>
  <testcase name="canTellPathFromFile" classname="ofek.FilePathParserTester" time="0.003"/>
  <testcase name="canGiveEncryptedSuffixToFilePath" classname="ofek.FilePathParserTester" time="0.001"/>
  <testcase name="canTellFileExtentionFromTheRest" classname="ofek.FilePathParserTester" time="0.002"/>
  <testcase name="canTellFileNameFromEncryptionSuffix" classname="ofek.FilePathParserTester" time="0.003"/>
  <testcase name="canTellFileNameFromExtention" classname="ofek.FilePathParserTester" time="0.004"/>
  <testcase name="canGiveDecryptedSuffixToFilePath" classname="ofek.FilePathParserTester" time="0.002"/>
  <system-out><![CDATA[]]></system-out>
  <system-err><![CDATA[]]></system-err>
</testsuite>
