<?xml version="1.0" encoding="UTF-8"?>
<testsuite name="mil.idf.af.ofek.crypto.XorEncryptionTest" tests="3" skipped="0" failures="0" errors="0" timestamp="2015-11-02T12:15:01" hostname="lior-virtual-machine" time="0.004">
  <properties/>
  <testcase name="xorEncryptionIsSameLengthAsOriginalMsg" classname="mil.idf.af.ofek.crypto.XorEncryptionTest" time="0.0"/>
  <testcase name="xorEncryptionIsReversible" classname="mil.idf.af.ofek.crypto.XorEncryptionTest" time="0.0"/>
  <testcase name="negativeKeyIsAcceptable" classname="mil.idf.af.ofek.crypto.XorEncryptionTest" time="0.001"/>
  <system-out><![CDATA[]]></system-out>
  <system-err><![CDATA[]]></system-err>
</testsuite>
