<?xml version="1.0" encoding="UTF-8"?>
<testsuite name="ofek.crypto.RepeatEncryptionTest" tests="3" skipped="0" failures="0" errors="0" timestamp="2015-10-27T08:32:10" hostname="lior-virtual-machine" time="0.018">
  <properties/>
  <testcase name="RepeatEncryptionCanRepeatAnyNumberOfTimes" classname="ofek.crypto.RepeatEncryptionTest" time="0.009"/>
  <testcase name="repeatEncryptionHasSameKeyStrengthAsInnerAlgorithm" classname="ofek.crypto.RepeatEncryptionTest" time="0.002"/>
  <testcase name="RepeatDecryptionCanRepeatAnyNumberOfTimes" classname="ofek.crypto.RepeatEncryptionTest" time="0.001"/>
  <system-out><![CDATA[]]></system-out>
  <system-err><![CDATA[]]></system-err>
</testsuite>
