<?xml version="1.0" encoding="UTF-8"?>
<testsuite name="ofek.crypto.EncryptionAlgorithmComparatorTest" tests="4" skipped="0" failures="0" errors="0" timestamp="2015-10-27T08:32:10" hostname="lior-virtual-machine" time="0.02">
  <properties/>
  <testcase name="differentButSameStrengthAlgorithmsShouldEqualEachOther" classname="ofek.crypto.EncryptionAlgorithmComparatorTest" time="0.001"/>
  <testcase name="anyEncryptionAlgorithmShouldEqualItself" classname="ofek.crypto.EncryptionAlgorithmComparatorTest" time="0.001"/>
  <testcase name="ifFirstAlgorithmIsWeakerResultIsNegative" classname="ofek.crypto.EncryptionAlgorithmComparatorTest" time="0.003"/>
  <testcase name="ifFirstAlgorithmIsStrongerResultIsPositive" classname="ofek.crypto.EncryptionAlgorithmComparatorTest" time="0.003"/>
  <system-out><![CDATA[]]></system-out>
  <system-err><![CDATA[]]></system-err>
</testsuite>
