<?xml version="1.0" encoding="UTF-8"?>
<testsuite name="ofek.crypto.XorEncryptionTest" tests="3" skipped="0" failures="0" errors="0" timestamp="2015-10-27T08:32:10" hostname="lior-virtual-machine" time="0.006">
  <properties/>
  <testcase name="xorEncryptionIsSameLengthAsOriginalMsg" classname="ofek.crypto.XorEncryptionTest" time="0.001"/>
  <testcase name="xorEncryptionIsReversible" classname="ofek.crypto.XorEncryptionTest" time="0.0"/>
  <testcase name="negativeKeyIsAcceptable" classname="ofek.crypto.XorEncryptionTest" time="0.0"/>
  <system-out><![CDATA[]]></system-out>
  <system-err><![CDATA[]]></system-err>
</testsuite>
