<?xml version="1.0" encoding="UTF-8"?>
<testsuite name="mil.idf.af.ofek.crypto.ShiftMultiplyEncryptionTest" tests="6" skipped="0" failures="0" errors="0" timestamp="2015-11-02T12:15:01" hostname="lior-virtual-machine" time="0.029">
  <properties/>
  <testcase name="negativeKeyIsValid" classname="mil.idf.af.ofek.crypto.ShiftMultiplyEncryptionTest" time="0.01"/>
  <testcase name="decryptionReversesEncryption" classname="mil.idf.af.ofek.crypto.ShiftMultiplyEncryptionTest" time="0.004"/>
  <testcase name="encryptionIsPossibleForLargeKey" classname="mil.idf.af.ofek.crypto.ShiftMultiplyEncryptionTest" time="0.0"/>
  <testcase name="unmatchingKeyDoesNotDecrypt" classname="mil.idf.af.ofek.crypto.ShiftMultiplyEncryptionTest" time="0.001"/>
  <testcase name="nonUnitEncryptionIsDifferentFromOrigin" classname="mil.idf.af.ofek.crypto.ShiftMultiplyEncryptionTest" time="0.0"/>
  <testcase name="unitEncryptionIsMeaningless" classname="mil.idf.af.ofek.crypto.ShiftMultiplyEncryptionTest" time="0.001"/>
  <system-out><![CDATA[]]></system-out>
  <system-err><![CDATA[]]></system-err>
</testsuite>
