<?xml version="1.0" encoding="UTF-8"?>
<testsuite name="mil.idf.af.ofek.logs.EncryptionEventTest" tests="6" skipped="0" failures="0" errors="0" timestamp="2015-11-02T12:15:01" hostname="lior-virtual-machine" time="0.266">
  <properties/>
  <testcase name="subsequentDecryptionEventsThrowException" classname="mil.idf.af.ofek.logs.EncryptionEventTest" time="0.006"/>
  <testcase name="encryptionEventsAreTimedCorrectly" classname="mil.idf.af.ofek.logs.EncryptionEventTest" time="0.246"/>
  <testcase name="subsequentEncryptionEventsThrowException" classname="mil.idf.af.ofek.logs.EncryptionEventTest" time="0.0"/>
  <testcase name="endingEncryptionWithoutStartingItThrowsException" classname="mil.idf.af.ofek.logs.EncryptionEventTest" time="0.0"/>
  <testcase name="encryptionAndDecryptionEventsReturnsSpecifiedParameters" classname="mil.idf.af.ofek.logs.EncryptionEventTest" time="0.0"/>
  <testcase name="endingDecryptionWithoutStartingItThrowsException" classname="mil.idf.af.ofek.logs.EncryptionEventTest" time="0.002"/>
  <system-out><![CDATA[]]></system-out>
  <system-err><![CDATA[]]></system-err>
</testsuite>
